-------------------------------------------------------------------------------
Test set: TestSuite
-------------------------------------------------------------------------------
Tests run: 1, Failures: 1, Errors: 0, Skipped: 0, Time elapsed: 27.257 sec <<< FAILURE! - in TestSuite
fileUpload(sikuli_classfiles.Test1)  Time elapsed: 26.271 sec  <<< FAILURE!
org.sikuli.script.FindFailed: can not find C:\Intellipat_March 22\choosefile.PNG in S(0)[0,0 1536x864]
	at sikuli_classfiles.Test1.fileUpload(Test1.java:31)

